Using pre-set license

 COMMAND LINE ARGUMENTS:
/Applications/Unity/Hub/Editor/2020.3.3f1/Unity.app/Contents/MacOS/Unity
-adb2
-batchMode
-noUpm
-name
AssetImportWorker0
-projectPath
/Users/Anja.Suhih/Documents/Projects/Labyrinth
-logFile
Logs/AssetImportWorker0.log
-srvPort
50249
Successfully changed project path to: /Users/Anja.Suhih/Documents/Projects/Labyrinth
/Users/Anja.Suhih/Documents/Projects/Labyrinth
Using Asset Import Pipeline V2.
Refreshing native plugins compatible for Editor in 44.34 ms, found 1 plugins.
Preloading 0 native plugins for Editor in 0.00 ms.
Initialize engine version: 2020.3.3f1 (76626098c1c4)
[Subsystems] Discovering subsystems at path /Applications/Unity/Hub/Editor/2020.3.3f1/Unity.app/Contents/Resources/UnitySubsystems
[Subsystems] Discovering subsystems at path /Users/Anja.Suhih/Documents/Projects/Labyrinth/Assets
GfxDevice: creating device client; threaded=0
2021-05-09 01:02:02.869 Unity[25523:875069] Color LCD preferred device: AMD Radeon Pro 5300M (high power)
2021-05-09 01:02:02.869 Unity[25523:875069] Metal devices available: 2
2021-05-09 01:02:02.869 Unity[25523:875069] 0: AMD Radeon Pro 5300M (high power)
2021-05-09 01:02:02.869 Unity[25523:875069] 1: Intel(R) UHD Graphics 630 (low power)
2021-05-09 01:02:02.870 Unity[25523:875069] Using device AMD Radeon Pro 5300M (high power)
Initializing Metal device caps: AMD Radeon Pro 5300M
Initialize mono
Mono path[0] = '/Applications/Unity/Hub/Editor/2020.3.3f1/Unity.app/Contents/Managed'
Mono path[1] = '/Applications/Unity/Hub/Editor/2020.3.3f1/Unity.app/Contents/MonoBleedingEdge/lib/mono/unityjit'
Mono config path = '/Applications/Unity/Hub/Editor/2020.3.3f1/Unity.app/Contents/MonoBleedingEdge/etc'
Using monoOptions --debugger-agent=transport=dt_socket,embedding=1,server=y,suspend=n,address=127.0.0.1:56523
Begin MonoManager ReloadAssembly
Registering precompiled unity dll's ...
Register platform support module: /Applications/Unity/Hub/Editor/2020.3.3f1/PlaybackEngines/WebGLSupport/UnityEditor.WebGL.Extensions.dll
Register platform support module: /Applications/Unity/Hub/Editor/2020.3.3f1/Unity.app/Contents/PlaybackEngines/MacStandaloneSupport/UnityEditor.OSXStandalone.Extensions.dll
Registered in 0.000644 seconds.
Native extension for OSXStandalone target not found
Native extension for WebGL target not found
Refreshing native plugins compatible for Editor in 29.79 ms, found 1 plugins.
Preloading 0 native plugins for Editor in 0.00 ms.
Invoked RoslynAnalysisRunner static constructor.
RoslynAnalysisRunner will not be running.
RoslynAnalysisRunner has terminated.
Mono: successfully reloaded assembly
- Completed reload, in  1.384 seconds
Platform modules already initialized, skipping
Registering precompiled user dll's ...
Registered in 0.000850 seconds.
Begin MonoManager ReloadAssembly
Native extension for OSXStandalone target not found
Native extension for WebGL target not found
Refreshing native plugins compatible for Editor in 0.37 ms, found 1 plugins.
Preloading 0 native plugins for Editor in 0.00 ms.
Invoked RoslynAnalysisRunner static constructor.
RoslynAnalysisRunner will not be running.
RoslynAnalysisRunner has terminated.
Mono: successfully reloaded assembly
- Completed reload, in  0.948 seconds
Platform modules already initialized, skipping
========================================================================
Worker process is ready to serve import requests
Launching external process: /Applications/Unity/Hub/Editor/2020.3.3f1/Unity.app/Contents/Tools/UnityShaderCompiler
Launched and connected shader compiler UnityShaderCompiler after 0.01 seconds
Refreshing native plugins compatible for Editor in 0.37 ms, found 1 plugins.
Preloading 0 native plugins for Editor in 0.00 ms.
Unloading 1424 Unused Serialized files (Serialized files now loaded: 0)
System memory in use before: 139.5 MB.
System memory in use after: 139.6 MB.

Unloading 33 unused Assets to reduce memory usage. Loaded Objects now: 1874.
Total: 1.719644 ms (FindLiveObjects: 0.148219 ms CreateObjectMapping: 0.039802 ms MarkObjects: 1.453551 ms  DeleteObjects: 0.077300 ms)

========================================================================
Received Import Request.
  path: Assets/Materials and Textures/GoalMat.mat
  artifactKey: Guid(3874c4e709989444db40d8b51fb4020a) Importer(815301076,1909f56bfc062723c751e8b465ee728b)
Start importing Assets/Materials and Textures/GoalMat.mat using Guid(3874c4e709989444db40d8b51fb4020a) Importer(815301076,1909f56bfc062723c751e8b465ee728b)  -> (artifact id: 'b7e3528dea0ca309eb140f38b4c040ef') in 0.313298 seconds
  Import took 0.315650 seconds .

========================================================================
Received Import Request.
  Time since last request: 0.000198 seconds.
  path: Assets/StageContainer.unity
  artifactKey: Guid(5efe2c5d6487941fba0639859147c14c) Importer(815301076,1909f56bfc062723c751e8b465ee728b)
Start importing Assets/StageContainer.unity using Guid(5efe2c5d6487941fba0639859147c14c) Importer(815301076,1909f56bfc062723c751e8b465ee728b)  -> (artifact id: '15996bf6b085d2ec569fe092df825732') in 0.002757 seconds
  Import took 0.004897 seconds .

========================================================================
Received Prepare
Registering precompiled user dll's ...
Registered in 0.001065 seconds.
Begin MonoManager ReloadAssembly
Native extension for OSXStandalone target not found
Native extension for WebGL target not found
Refreshing native plugins compatible for Editor in 0.38 ms, found 1 plugins.
Preloading 0 native plugins for Editor in 0.00 ms.
Invoked RoslynAnalysisRunner static constructor.
RoslynAnalysisRunner will not be running.
RoslynAnalysisRunner has terminated.
Mono: successfully reloaded assembly
- Completed reload, in  0.899 seconds
Platform modules already initialized, skipping
Refreshing native plugins compatible for Editor in 0.37 ms, found 1 plugins.
Preloading 0 native plugins for Editor in 0.00 ms.
Unloading 1413 Unused Serialized files (Serialized files now loaded: 0)
System memory in use before: 147.0 MB.
System memory in use after: 147.1 MB.

Unloading 24 unused Assets to reduce memory usage. Loaded Objects now: 1917.
Total: 1.515921 ms (FindLiveObjects: 0.158858 ms CreateObjectMapping: 0.043541 ms MarkObjects: 1.298850 ms  DeleteObjects: 0.013895 ms)

AssetImportWorkerClient::OnTransportError - code=2 error=End of file
